--- Copying files at Tue Mar  8 03:52:25 UTC 2022
INSTALLED plugins/ace-editor.jpi : 1.1
INSTALLED plugins/apache-httpcomponents-client-4-api.jpi : 4.5.13-1.0
INSTALLED plugins/authentication-tokens.jpi : 1.4
INSTALLED plugins/bootstrap4-api.jpi : 4.6.0-3
INSTALLED plugins/bootstrap5-api.jpi : 5.1.3-6
INSTALLED plugins/bouncycastle-api.jpi : 2.25
INSTALLED plugins/branch-api.jpi : 2.7.0
INSTALLED plugins/caffeine-api.jpi : 2.9.2-29.v717aac953ff3
INSTALLED plugins/checks-api.jpi : 1.7.2
INSTALLED plugins/cloudbees-folder.jpi : 6.708.ve61636eb_65a_5
INSTALLED plugins/configuration-as-code.jpi : 1.55.1
INSTALLED plugins/credentials-binding.jpi : 1.27.1
INSTALLED plugins/credentials.jpi : 1074.v60e6c29b_b_44b_
INSTALLED plugins/display-url-api.jpi : 2.3.5
INSTALLED plugins/durable-task.jpi : 493.v195aefbb0ff2
INSTALLED plugins/echarts-api.jpi : 5.3.0-2
INSTALLED plugins/font-awesome-api.jpi : 6.0.0-1
INSTALLED plugins/git-client.jpi : 3.11.0
INSTALLED plugins/git-server.jpi : 1.10
INSTALLED plugins/git.jpi : 4.10.2
INSTALLED plugins/handlebars.jpi : 3.0.8
INSTALLED plugins/jackson2-api.jpi : 2.13.1-246.va8a9f3eaf46a
INSTALLED plugins/javax-activation-api.jpi : 1.2.0-2
INSTALLED plugins/javax-mail-api.jpi : 1.6.2-5
INSTALLED plugins/jquery3-api.jpi : 3.6.0-2
INSTALLED plugins/jsch.jpi : 0.1.55.2
INSTALLED plugins/junit.jpi : 1.54
INSTALLED plugins/kubernetes-client-api.jpi : 5.11.2-182.v0f1cf4c5904e
INSTALLED plugins/kubernetes-credentials.jpi : 0.9.0
INSTALLED plugins/kubernetes.jpi : 1.31.3
INSTALLED plugins/lockable-resources.jpi : 2.14
INSTALLED plugins/mailer.jpi : 408.vd726a_1130320
INSTALLED plugins/matrix-project.jpi : 1.20
INSTALLED plugins/metrics.jpi : 4.1.6.1
INSTALLED plugins/momentjs.jpi : 1.1.1
INSTALLED plugins/pipeline-build-step.jpi : 2.16
INSTALLED plugins/pipeline-graph-analysis.jpi : 188.v3a01e7973f2c
INSTALLED plugins/pipeline-input-step.jpi : 446.vf27b_0b_83500e
INSTALLED plugins/pipeline-milestone-step.jpi : 100.v60a_03cd446e1
INSTALLED plugins/pipeline-model-api.jpi : 1.9.3
INSTALLED plugins/pipeline-model-definition.jpi : 1.9.3
INSTALLED plugins/pipeline-model-extensions.jpi : 1.9.3
INSTALLED plugins/pipeline-rest-api.jpi : 2.23
INSTALLED plugins/pipeline-stage-step.jpi : 291.vf0a8a7aeeb50
INSTALLED plugins/pipeline-stage-tags-metadata.jpi : 1.9.3
INSTALLED plugins/pipeline-stage-view.jpi : 2.23
INSTALLED plugins/plain-credentials.jpi : 1.8
INSTALLED plugins/plugin-util-api.jpi : 2.14.0
INSTALLED plugins/popper-api.jpi : 1.16.1-2
INSTALLED plugins/popper2-api.jpi : 2.11.2-1
INSTALLED plugins/scm-api.jpi : 595.vd5a_df5eb_0e39
INSTALLED plugins/script-security.jpi : 1138.v8e727069a_025
INSTALLED plugins/snakeyaml-api.jpi : 1.29.1
INSTALLED plugins/ssh-credentials.jpi : 1.19
INSTALLED plugins/sshd.jpi : 3.1.0
INSTALLED plugins/structs.jpi : 308.v852b473a2b8c
INSTALLED plugins/trilead-api.jpi : 1.0.13
INSTALLED plugins/variant.jpi : 1.4
INSTALLED plugins/workflow-aggregator.jpi : 2.6
INSTALLED plugins/workflow-api.jpi : 1138.v619fd5201b_2f
INSTALLED plugins/workflow-basic-steps.jpi : 2.24
INSTALLED plugins/workflow-cps-global-lib.jpi : 564.ve62a_4eb_b_e039
INSTALLED plugins/workflow-cps.jpi : 2660.vb_c0412dc4e6d
INSTALLED plugins/workflow-durable-task-step.jpi : 1121.va_65b_d2701486
INSTALLED plugins/workflow-job.jpi : 1145.v7f2433caa07f
INSTALLED plugins/workflow-multibranch.jpi : 711.vdfef37cda_816
INSTALLED plugins/workflow-scm-step.jpi : 2.13
INSTALLED plugins/workflow-step-api.jpi : 622.vb_8e7c15b_c95a_
INSTALLED plugins/workflow-support.jpi : 813.vb_d7c3d2984a_0
